<?xml version="1.0" encoding="UTF-8"?>
<testsuite xmlns:xsi="http://www.w3.org/2001/XMLSchema-instance" xsi:noNamespaceSchemaLocation="https://maven.apache.org/surefire/maven-surefire-plugin/xsd/surefire-test-report-3.0.xsd" version="3.0" name="defix.coffeedelivery.test.controller.CatalogControllerTests" time="5.273" tests="4" errors="0" skipped="0" failures="0">
  <properties>
    <property name="java.specification.version" value="21"/>
    <property name="sun.jnu.encoding" value="UTF-8"/>
    <property name="java.class.path" value="/home/d3fix/IdeaProjects/pet-project-coffee-delivery/target/test-classes:/home/d3fix/IdeaProjects/pet-project-coffee-delivery/target/classes:/home/d3fix/.m2/repository/org/springframework/boot/spring-boot-starter-thymeleaf/3.2.5/spring-boot-starter-thymeleaf-3.2.5.jar:/home/d3fix/.m2/repository/org/springframework/boot/spring-boot-starter/3.2.5/spring-boot-starter-3.2.5.jar:/home/d3fix/.m2/repository/org/springframework/boot/spring-boot-starter-logging/3.2.5/spring-boot-starter-logging-3.2.5.jar:/home/d3fix/.m2/repository/ch/qos/logback/logback-classic/1.4.14/logback-classic-1.4.14.jar:/home/d3fix/.m2/repository/ch/qos/logback/logback-core/1.4.14/logback-core-1.4.14.jar:/home/d3fix/.m2/repository/org/apache/logging/log4j/log4j-to-slf4j/2.21.1/log4j-to-slf4j-2.21.1.jar:/home/d3fix/.m2/repository/org/slf4j/jul-to-slf4j/2.0.13/jul-to-slf4j-2.0.13.jar:/home/d3fix/.m2/repository/jakarta/annotation/jakarta.annotation-api/2.1.1/jakarta.annotation-api-2.1.1.jar:/home/d3fix/.m2/repository/org/yaml/snakeyaml/2.2/snakeyaml-2.2.jar:/home/d3fix/.m2/repository/org/thymeleaf/thymeleaf-spring6/3.1.2.RELEASE/thymeleaf-spring6-3.1.2.RELEASE.jar:/home/d3fix/.m2/repository/org/thymeleaf/thymeleaf/3.1.2.RELEASE/thymeleaf-3.1.2.RELEASE.jar:/home/d3fix/.m2/repository/org/attoparser/attoparser/2.0.7.RELEASE/attoparser-2.0.7.RELEASE.jar:/home/d3fix/.m2/repository/org/unbescape/unbescape/1.1.6.RELEASE/unbescape-1.1.6.RELEASE.jar:/home/d3fix/.m2/repository/org/springframework/boot/spring-boot-starter-web/3.2.5/spring-boot-starter-web-3.2.5.jar:/home/d3fix/.m2/repository/org/springframework/boot/spring-boot-starter-json/3.2.5/spring-boot-starter-json-3.2.5.jar:/home/d3fix/.m2/repository/com/fasterxml/jackson/core/jackson-databind/2.15.4/jackson-databind-2.15.4.jar:/home/d3fix/.m2/repository/com/fasterxml/jackson/core/jackson-annotations/2.15.4/jackson-annotations-2.15.4.jar:/home/d3fix/.m2/repository/com/fasterxml/jackson/core/jackson-core/2.15.4/jackson-core-2.15.4.jar:/home/d3fix/.m2/repository/com/fasterxml/jackson/datatype/jackson-datatype-jdk8/2.15.4/jackson-datatype-jdk8-2.15.4.jar:/home/d3fix/.m2/repository/com/fasterxml/jackson/datatype/jackson-datatype-jsr310/2.15.4/jackson-datatype-jsr310-2.15.4.jar:/home/d3fix/.m2/repository/com/fasterxml/jackson/module/jackson-module-parameter-names/2.15.4/jackson-module-parameter-names-2.15.4.jar:/home/d3fix/.m2/repository/org/springframework/boot/spring-boot-starter-tomcat/3.2.5/spring-boot-starter-tomcat-3.2.5.jar:/home/d3fix/.m2/repository/org/apache/tomcat/embed/tomcat-embed-core/10.1.20/tomcat-embed-core-10.1.20.jar:/home/d3fix/.m2/repository/org/apache/tomcat/embed/tomcat-embed-websocket/10.1.20/tomcat-embed-websocket-10.1.20.jar:/home/d3fix/.m2/repository/org/springframework/spring-web/6.1.6/spring-web-6.1.6.jar:/home/d3fix/.m2/repository/io/micrometer/micrometer-observation/1.12.5/micrometer-observation-1.12.5.jar:/home/d3fix/.m2/repository/io/micrometer/micrometer-commons/1.12.5/micrometer-commons-1.12.5.jar:/home/d3fix/.m2/repository/org/springframework/spring-webmvc/6.1.6/spring-webmvc-6.1.6.jar:/home/d3fix/.m2/repository/org/springframework/boot/spring-boot-devtools/3.2.5/spring-boot-devtools-3.2.5.jar:/home/d3fix/.m2/repository/org/springframework/boot/spring-boot/3.2.5/spring-boot-3.2.5.jar:/home/d3fix/.m2/repository/org/springframework/boot/spring-boot-autoconfigure/3.2.5/spring-boot-autoconfigure-3.2.5.jar:/home/d3fix/.m2/repository/org/springframework/boot/spring-boot-starter-test/3.2.5/spring-boot-starter-test-3.2.5.jar:/home/d3fix/.m2/repository/org/springframework/boot/spring-boot-test/3.2.5/spring-boot-test-3.2.5.jar:/home/d3fix/.m2/repository/org/springframework/boot/spring-boot-test-autoconfigure/3.2.5/spring-boot-test-autoconfigure-3.2.5.jar:/home/d3fix/.m2/repository/com/jayway/jsonpath/json-path/2.9.0/json-path-2.9.0.jar:/home/d3fix/.m2/repository/jakarta/xml/bind/jakarta.xml.bind-api/4.0.2/jakarta.xml.bind-api-4.0.2.jar:/home/d3fix/.m2/repository/jakarta/activation/jakarta.activation-api/2.1.3/jakarta.activation-api-2.1.3.jar:/home/d3fix/.m2/repository/net/minidev/json-smart/2.5.1/json-smart-2.5.1.jar:/home/d3fix/.m2/repository/net/minidev/accessors-smart/2.5.1/accessors-smart-2.5.1.jar:/home/d3fix/.m2/repository/org/ow2/asm/asm/9.6/asm-9.6.jar:/home/d3fix/.m2/repository/org/assertj/assertj-core/3.24.2/assertj-core-3.24.2.jar:/home/d3fix/.m2/repository/org/awaitility/awaitility/4.2.1/awaitility-4.2.1.jar:/home/d3fix/.m2/repository/org/hamcrest/hamcrest/2.2/hamcrest-2.2.jar:/home/d3fix/.m2/repository/org/junit/jupiter/junit-jupiter/5.10.2/junit-jupiter-5.10.2.jar:/home/d3fix/.m2/repository/org/junit/jupiter/junit-jupiter-api/5.10.2/junit-jupiter-api-5.10.2.jar:/home/d3fix/.m2/repository/org/opentest4j/opentest4j/1.3.0/opentest4j-1.3.0.jar:/home/d3fix/.m2/repository/org/junit/platform/junit-platform-commons/1.10.2/junit-platform-commons-1.10.2.jar:/home/d3fix/.m2/repository/org/apiguardian/apiguardian-api/1.1.2/apiguardian-api-1.1.2.jar:/home/d3fix/.m2/repository/org/junit/jupiter/junit-jupiter-params/5.10.2/junit-jupiter-params-5.10.2.jar:/home/d3fix/.m2/repository/org/junit/jupiter/junit-jupiter-engine/5.10.2/junit-jupiter-engine-5.10.2.jar:/home/d3fix/.m2/repository/org/junit/platform/junit-platform-engine/1.10.2/junit-platform-engine-1.10.2.jar:/home/d3fix/.m2/repository/org/mockito/mockito-core/5.7.0/mockito-core-5.7.0.jar:/home/d3fix/.m2/repository/net/bytebuddy/byte-buddy-agent/1.14.13/byte-buddy-agent-1.14.13.jar:/home/d3fix/.m2/repository/org/objenesis/objenesis/3.3/objenesis-3.3.jar:/home/d3fix/.m2/repository/org/mockito/mockito-junit-jupiter/5.7.0/mockito-junit-jupiter-5.7.0.jar:/home/d3fix/.m2/repository/org/skyscreamer/jsonassert/1.5.1/jsonassert-1.5.1.jar:/home/d3fix/.m2/repository/com/vaadin/external/google/android-json/0.0.20131108.vaadin1/android-json-0.0.20131108.vaadin1.jar:/home/d3fix/.m2/repository/org/springframework/spring-core/6.1.6/spring-core-6.1.6.jar:/home/d3fix/.m2/repository/org/springframework/spring-jcl/6.1.6/spring-jcl-6.1.6.jar:/home/d3fix/.m2/repository/org/springframework/spring-test/6.1.6/spring-test-6.1.6.jar:/home/d3fix/.m2/repository/org/xmlunit/xmlunit-core/2.9.1/xmlunit-core-2.9.1.jar:/home/d3fix/.m2/repository/org/springframework/security/spring-security-test/6.2.4/spring-security-test-6.2.4.jar:/home/d3fix/.m2/repository/org/springframework/security/spring-security-core/6.2.4/spring-security-core-6.2.4.jar:/home/d3fix/.m2/repository/org/springframework/security/spring-security-crypto/6.2.4/spring-security-crypto-6.2.4.jar:/home/d3fix/.m2/repository/org/springframework/security/spring-security-web/6.2.4/spring-security-web-6.2.4.jar:/home/d3fix/.m2/repository/org/springframework/security/spring-security-taglibs/6.2.4/spring-security-taglibs-6.2.4.jar:/home/d3fix/.m2/repository/org/springframework/security/spring-security-acl/6.2.4/spring-security-acl-6.2.4.jar:/home/d3fix/.m2/repository/org/springframework/spring-jdbc/6.1.6/spring-jdbc-6.1.6.jar:/home/d3fix/.m2/repository/org/springframework/spring-aop/6.1.6/spring-aop-6.1.6.jar:/home/d3fix/.m2/repository/org/springframework/spring-beans/6.1.6/spring-beans-6.1.6.jar:/home/d3fix/.m2/repository/org/springframework/spring-context/6.1.6/spring-context-6.1.6.jar:/home/d3fix/.m2/repository/org/springframework/spring-expression/6.1.6/spring-expression-6.1.6.jar:/home/d3fix/.m2/repository/org/springframework/boot/spring-boot-starter-data-jpa/3.2.5/spring-boot-starter-data-jpa-3.2.5.jar:/home/d3fix/.m2/repository/org/springframework/boot/spring-boot-starter-aop/3.2.5/spring-boot-starter-aop-3.2.5.jar:/home/d3fix/.m2/repository/org/aspectj/aspectjweaver/1.9.22/aspectjweaver-1.9.22.jar:/home/d3fix/.m2/repository/org/springframework/boot/spring-boot-starter-jdbc/3.2.5/spring-boot-starter-jdbc-3.2.5.jar:/home/d3fix/.m2/repository/com/zaxxer/HikariCP/5.0.1/HikariCP-5.0.1.jar:/home/d3fix/.m2/repository/org/springframework/data/spring-data-jpa/3.2.5/spring-data-jpa-3.2.5.jar:/home/d3fix/.m2/repository/org/springframework/data/spring-data-commons/3.2.5/spring-data-commons-3.2.5.jar:/home/d3fix/.m2/repository/org/springframework/spring-orm/6.1.6/spring-orm-6.1.6.jar:/home/d3fix/.m2/repository/org/springframework/spring-aspects/6.1.6/spring-aspects-6.1.6.jar:/home/d3fix/.m2/repository/org/springframework/data/spring-data-redis/3.3.1/spring-data-redis-3.3.1.jar:/home/d3fix/.m2/repository/org/springframework/data/spring-data-keyvalue/3.2.5/spring-data-keyvalue-3.2.5.jar:/home/d3fix/.m2/repository/org/springframework/spring-tx/6.1.6/spring-tx-6.1.6.jar:/home/d3fix/.m2/repository/org/springframework/spring-oxm/6.1.6/spring-oxm-6.1.6.jar:/home/d3fix/.m2/repository/org/springframework/spring-context-support/6.1.6/spring-context-support-6.1.6.jar:/home/d3fix/.m2/repository/org/slf4j/slf4j-api/2.0.13/slf4j-api-2.0.13.jar:/home/d3fix/.m2/repository/redis/clients/jedis/5.1.3/jedis-5.1.3.jar:/home/d3fix/.m2/repository/org/apache/commons/commons-pool2/2.12.0/commons-pool2-2.12.0.jar:/home/d3fix/.m2/repository/org/json/json/20231013/json-20231013.jar:/home/d3fix/.m2/repository/com/google/code/gson/gson/2.10.1/gson-2.10.1.jar:/home/d3fix/.m2/repository/org/springframework/boot/spring-boot-starter-validation/3.2.5/spring-boot-starter-validation-3.2.5.jar:/home/d3fix/.m2/repository/org/apache/tomcat/embed/tomcat-embed-el/10.1.20/tomcat-embed-el-10.1.20.jar:/home/d3fix/.m2/repository/org/jetbrains/annotations/23.0.0/annotations-23.0.0.jar:/home/d3fix/.m2/repository/org/projectlombok/lombok/1.18.32/lombok-1.18.32.jar:/home/d3fix/.m2/repository/org/hibernate/orm/hibernate-core/6.5.1.Final/hibernate-core-6.5.1.Final.jar:/home/d3fix/.m2/repository/jakarta/persistence/jakarta.persistence-api/3.1.0/jakarta.persistence-api-3.1.0.jar:/home/d3fix/.m2/repository/jakarta/transaction/jakarta.transaction-api/2.0.1/jakarta.transaction-api-2.0.1.jar:/home/d3fix/.m2/repository/org/jboss/logging/jboss-logging/3.5.3.Final/jboss-logging-3.5.3.Final.jar:/home/d3fix/.m2/repository/org/hibernate/common/hibernate-commons-annotations/6.0.6.Final/hibernate-commons-annotations-6.0.6.Final.jar:/home/d3fix/.m2/repository/io/smallrye/jandex/3.1.2/jandex-3.1.2.jar:/home/d3fix/.m2/repository/com/fasterxml/classmate/1.6.0/classmate-1.6.0.jar:/home/d3fix/.m2/repository/net/bytebuddy/byte-buddy/1.14.13/byte-buddy-1.14.13.jar:/home/d3fix/.m2/repository/org/glassfish/jaxb/jaxb-runtime/4.0.5/jaxb-runtime-4.0.5.jar:/home/d3fix/.m2/repository/org/glassfish/jaxb/jaxb-core/4.0.5/jaxb-core-4.0.5.jar:/home/d3fix/.m2/repository/org/eclipse/angus/angus-activation/2.0.2/angus-activation-2.0.2.jar:/home/d3fix/.m2/repository/org/glassfish/jaxb/txw2/4.0.5/txw2-4.0.5.jar:/home/d3fix/.m2/repository/com/sun/istack/istack-commons-runtime/4.1.2/istack-commons-runtime-4.1.2.jar:/home/d3fix/.m2/repository/jakarta/inject/jakarta.inject-api/2.0.1/jakarta.inject-api-2.0.1.jar:/home/d3fix/.m2/repository/org/antlr/antlr4-runtime/4.13.0/antlr4-runtime-4.13.0.jar:/home/d3fix/.m2/repository/org/apache/logging/log4j/log4j-api/2.19.0/log4j-api-2.19.0.jar:/home/d3fix/.m2/repository/org/apache/logging/log4j/log4j-core/2.19.0/log4j-core-2.19.0.jar:/home/d3fix/.m2/repository/org/postgresql/postgresql/42.7.3/postgresql-42.7.3.jar:/home/d3fix/.m2/repository/org/checkerframework/checker-qual/3.42.0/checker-qual-3.42.0.jar:/home/d3fix/.m2/repository/org/springframework/boot/spring-boot-starter-security/3.2.5/spring-boot-starter-security-3.2.5.jar:/home/d3fix/.m2/repository/org/springframework/security/spring-security-config/6.2.4/spring-security-config-6.2.4.jar:/home/d3fix/.m2/repository/org/hibernate/validator/hibernate-validator/8.0.1.Final/hibernate-validator-8.0.1.Final.jar:/home/d3fix/.m2/repository/jakarta/validation/jakarta.validation-api/3.0.2/jakarta.validation-api-3.0.2.jar:/home/d3fix/.m2/repository/org/glassfish/jakarta.el/3.0.3/jakarta.el-3.0.3.jar:/home/d3fix/.m2/repository/org/hibernate/hibernate-entitymanager/5.6.15.Final/hibernate-entitymanager-5.6.15.Final.jar:/home/d3fix/.m2/repository/javax/persistence/javax.persistence-api/2.2/javax.persistence-api-2.2.jar:/home/d3fix/.m2/repository/org/jboss/spec/javax/transaction/jboss-transaction-api_1.2_spec/1.1.1.Final/jboss-transaction-api_1.2_spec-1.1.1.Final.jar:"/>
    <property name="java.vm.vendor" value="Red Hat, Inc."/>
    <property name="sun.arch.data.model" value="64"/>
    <property name="java.vendor.url" value="https://www.redhat.com/"/>
    <property name="user.timezone" value="Europe/Moscow"/>
    <property name="org.jboss.logging.provider" value="slf4j"/>
    <property name="os.name" value="Linux"/>
    <property name="java.vm.specification.version" value="21"/>
    <property name="sun.java.launcher" value="SUN_STANDARD"/>
    <property name="user.country" value="RU"/>
    <property name="sun.boot.library.path" value="/usr/lib/jvm/java-21-openjdk-21.0.2.0.13-3.fc40.x86_64/lib"/>
    <property name="sun.java.command" value="/home/d3fix/IdeaProjects/pet-project-coffee-delivery/target/surefire/surefirebooter-20250416165811746_3.jar /home/d3fix/IdeaProjects/pet-project-coffee-delivery/target/surefire 2025-04-16T16-58-11_695-jvmRun1 surefire-20250416165811746_1tmp surefire_0-20250416165811746_2tmp"/>
    <property name="jdk.debug" value="release"/>
    <property name="surefire.test.class.path" value="/home/d3fix/IdeaProjects/pet-project-coffee-delivery/target/test-classes:/home/d3fix/IdeaProjects/pet-project-coffee-delivery/target/classes:/home/d3fix/.m2/repository/org/springframework/boot/spring-boot-starter-thymeleaf/3.2.5/spring-boot-starter-thymeleaf-3.2.5.jar:/home/d3fix/.m2/repository/org/springframework/boot/spring-boot-starter/3.2.5/spring-boot-starter-3.2.5.jar:/home/d3fix/.m2/repository/org/springframework/boot/spring-boot-starter-logging/3.2.5/spring-boot-starter-logging-3.2.5.jar:/home/d3fix/.m2/repository/ch/qos/logback/logback-classic/1.4.14/logback-classic-1.4.14.jar:/home/d3fix/.m2/repository/ch/qos/logback/logback-core/1.4.14/logback-core-1.4.14.jar:/home/d3fix/.m2/repository/org/apache/logging/log4j/log4j-to-slf4j/2.21.1/log4j-to-slf4j-2.21.1.jar:/home/d3fix/.m2/repository/org/slf4j/jul-to-slf4j/2.0.13/jul-to-slf4j-2.0.13.jar:/home/d3fix/.m2/repository/jakarta/annotation/jakarta.annotation-api/2.1.1/jakarta.annotation-api-2.1.1.jar:/home/d3fix/.m2/repository/org/yaml/snakeyaml/2.2/snakeyaml-2.2.jar:/home/d3fix/.m2/repository/org/thymeleaf/thymeleaf-spring6/3.1.2.RELEASE/thymeleaf-spring6-3.1.2.RELEASE.jar:/home/d3fix/.m2/repository/org/thymeleaf/thymeleaf/3.1.2.RELEASE/thymeleaf-3.1.2.RELEASE.jar:/home/d3fix/.m2/repository/org/attoparser/attoparser/2.0.7.RELEASE/attoparser-2.0.7.RELEASE.jar:/home/d3fix/.m2/repository/org/unbescape/unbescape/1.1.6.RELEASE/unbescape-1.1.6.RELEASE.jar:/home/d3fix/.m2/repository/org/springframework/boot/spring-boot-starter-web/3.2.5/spring-boot-starter-web-3.2.5.jar:/home/d3fix/.m2/repository/org/springframework/boot/spring-boot-starter-json/3.2.5/spring-boot-starter-json-3.2.5.jar:/home/d3fix/.m2/repository/com/fasterxml/jackson/core/jackson-databind/2.15.4/jackson-databind-2.15.4.jar:/home/d3fix/.m2/repository/com/fasterxml/jackson/core/jackson-annotations/2.15.4/jackson-annotations-2.15.4.jar:/home/d3fix/.m2/repository/com/fasterxml/jackson/core/jackson-core/2.15.4/jackson-core-2.15.4.jar:/home/d3fix/.m2/repository/com/fasterxml/jackson/datatype/jackson-datatype-jdk8/2.15.4/jackson-datatype-jdk8-2.15.4.jar:/home/d3fix/.m2/repository/com/fasterxml/jackson/datatype/jackson-datatype-jsr310/2.15.4/jackson-datatype-jsr310-2.15.4.jar:/home/d3fix/.m2/repository/com/fasterxml/jackson/module/jackson-module-parameter-names/2.15.4/jackson-module-parameter-names-2.15.4.jar:/home/d3fix/.m2/repository/org/springframework/boot/spring-boot-starter-tomcat/3.2.5/spring-boot-starter-tomcat-3.2.5.jar:/home/d3fix/.m2/repository/org/apache/tomcat/embed/tomcat-embed-core/10.1.20/tomcat-embed-core-10.1.20.jar:/home/d3fix/.m2/repository/org/apache/tomcat/embed/tomcat-embed-websocket/10.1.20/tomcat-embed-websocket-10.1.20.jar:/home/d3fix/.m2/repository/org/springframework/spring-web/6.1.6/spring-web-6.1.6.jar:/home/d3fix/.m2/repository/io/micrometer/micrometer-observation/1.12.5/micrometer-observation-1.12.5.jar:/home/d3fix/.m2/repository/io/micrometer/micrometer-commons/1.12.5/micrometer-commons-1.12.5.jar:/home/d3fix/.m2/repository/org/springframework/spring-webmvc/6.1.6/spring-webmvc-6.1.6.jar:/home/d3fix/.m2/repository/org/springframework/boot/spring-boot-devtools/3.2.5/spring-boot-devtools-3.2.5.jar:/home/d3fix/.m2/repository/org/springframework/boot/spring-boot/3.2.5/spring-boot-3.2.5.jar:/home/d3fix/.m2/repository/org/springframework/boot/spring-boot-autoconfigure/3.2.5/spring-boot-autoconfigure-3.2.5.jar:/home/d3fix/.m2/repository/org/springframework/boot/spring-boot-starter-test/3.2.5/spring-boot-starter-test-3.2.5.jar:/home/d3fix/.m2/repository/org/springframework/boot/spring-boot-test/3.2.5/spring-boot-test-3.2.5.jar:/home/d3fix/.m2/repository/org/springframework/boot/spring-boot-test-autoconfigure/3.2.5/spring-boot-test-autoconfigure-3.2.5.jar:/home/d3fix/.m2/repository/com/jayway/jsonpath/json-path/2.9.0/json-path-2.9.0.jar:/home/d3fix/.m2/repository/jakarta/xml/bind/jakarta.xml.bind-api/4.0.2/jakarta.xml.bind-api-4.0.2.jar:/home/d3fix/.m2/repository/jakarta/activation/jakarta.activation-api/2.1.3/jakarta.activation-api-2.1.3.jar:/home/d3fix/.m2/repository/net/minidev/json-smart/2.5.1/json-smart-2.5.1.jar:/home/d3fix/.m2/repository/net/minidev/accessors-smart/2.5.1/accessors-smart-2.5.1.jar:/home/d3fix/.m2/repository/org/ow2/asm/asm/9.6/asm-9.6.jar:/home/d3fix/.m2/repository/org/assertj/assertj-core/3.24.2/assertj-core-3.24.2.jar:/home/d3fix/.m2/repository/org/awaitility/awaitility/4.2.1/awaitility-4.2.1.jar:/home/d3fix/.m2/repository/org/hamcrest/hamcrest/2.2/hamcrest-2.2.jar:/home/d3fix/.m2/repository/org/junit/jupiter/junit-jupiter/5.10.2/junit-jupiter-5.10.2.jar:/home/d3fix/.m2/repository/org/junit/jupiter/junit-jupiter-api/5.10.2/junit-jupiter-api-5.10.2.jar:/home/d3fix/.m2/repository/org/opentest4j/opentest4j/1.3.0/opentest4j-1.3.0.jar:/home/d3fix/.m2/repository/org/junit/platform/junit-platform-commons/1.10.2/junit-platform-commons-1.10.2.jar:/home/d3fix/.m2/repository/org/apiguardian/apiguardian-api/1.1.2/apiguardian-api-1.1.2.jar:/home/d3fix/.m2/repository/org/junit/jupiter/junit-jupiter-params/5.10.2/junit-jupiter-params-5.10.2.jar:/home/d3fix/.m2/repository/org/junit/jupiter/junit-jupiter-engine/5.10.2/junit-jupiter-engine-5.10.2.jar:/home/d3fix/.m2/repository/org/junit/platform/junit-platform-engine/1.10.2/junit-platform-engine-1.10.2.jar:/home/d3fix/.m2/repository/org/mockito/mockito-core/5.7.0/mockito-core-5.7.0.jar:/home/d3fix/.m2/repository/net/bytebuddy/byte-buddy-agent/1.14.13/byte-buddy-agent-1.14.13.jar:/home/d3fix/.m2/repository/org/objenesis/objenesis/3.3/objenesis-3.3.jar:/home/d3fix/.m2/repository/org/mockito/mockito-junit-jupiter/5.7.0/mockito-junit-jupiter-5.7.0.jar:/home/d3fix/.m2/repository/org/skyscreamer/jsonassert/1.5.1/jsonassert-1.5.1.jar:/home/d3fix/.m2/repository/com/vaadin/external/google/android-json/0.0.20131108.vaadin1/android-json-0.0.20131108.vaadin1.jar:/home/d3fix/.m2/repository/org/springframework/spring-core/6.1.6/spring-core-6.1.6.jar:/home/d3fix/.m2/repository/org/springframework/spring-jcl/6.1.6/spring-jcl-6.1.6.jar:/home/d3fix/.m2/repository/org/springframework/spring-test/6.1.6/spring-test-6.1.6.jar:/home/d3fix/.m2/repository/org/xmlunit/xmlunit-core/2.9.1/xmlunit-core-2.9.1.jar:/home/d3fix/.m2/repository/org/springframework/security/spring-security-test/6.2.4/spring-security-test-6.2.4.jar:/home/d3fix/.m2/repository/org/springframework/security/spring-security-core/6.2.4/spring-security-core-6.2.4.jar:/home/d3fix/.m2/repository/org/springframework/security/spring-security-crypto/6.2.4/spring-security-crypto-6.2.4.jar:/home/d3fix/.m2/repository/org/springframework/security/spring-security-web/6.2.4/spring-security-web-6.2.4.jar:/home/d3fix/.m2/repository/org/springframework/security/spring-security-taglibs/6.2.4/spring-security-taglibs-6.2.4.jar:/home/d3fix/.m2/repository/org/springframework/security/spring-security-acl/6.2.4/spring-security-acl-6.2.4.jar:/home/d3fix/.m2/repository/org/springframework/spring-jdbc/6.1.6/spring-jdbc-6.1.6.jar:/home/d3fix/.m2/repository/org/springframework/spring-aop/6.1.6/spring-aop-6.1.6.jar:/home/d3fix/.m2/repository/org/springframework/spring-beans/6.1.6/spring-beans-6.1.6.jar:/home/d3fix/.m2/repository/org/springframework/spring-context/6.1.6/spring-context-6.1.6.jar:/home/d3fix/.m2/repository/org/springframework/spring-expression/6.1.6/spring-expression-6.1.6.jar:/home/d3fix/.m2/repository/org/springframework/boot/spring-boot-starter-data-jpa/3.2.5/spring-boot-starter-data-jpa-3.2.5.jar:/home/d3fix/.m2/repository/org/springframework/boot/spring-boot-starter-aop/3.2.5/spring-boot-starter-aop-3.2.5.jar:/home/d3fix/.m2/repository/org/aspectj/aspectjweaver/1.9.22/aspectjweaver-1.9.22.jar:/home/d3fix/.m2/repository/org/springframework/boot/spring-boot-starter-jdbc/3.2.5/spring-boot-starter-jdbc-3.2.5.jar:/home/d3fix/.m2/repository/com/zaxxer/HikariCP/5.0.1/HikariCP-5.0.1.jar:/home/d3fix/.m2/repository/org/springframework/data/spring-data-jpa/3.2.5/spring-data-jpa-3.2.5.jar:/home/d3fix/.m2/repository/org/springframework/data/spring-data-commons/3.2.5/spring-data-commons-3.2.5.jar:/home/d3fix/.m2/repository/org/springframework/spring-orm/6.1.6/spring-orm-6.1.6.jar:/home/d3fix/.m2/repository/org/springframework/spring-aspects/6.1.6/spring-aspects-6.1.6.jar:/home/d3fix/.m2/repository/org/springframework/data/spring-data-redis/3.3.1/spring-data-redis-3.3.1.jar:/home/d3fix/.m2/repository/org/springframework/data/spring-data-keyvalue/3.2.5/spring-data-keyvalue-3.2.5.jar:/home/d3fix/.m2/repository/org/springframework/spring-tx/6.1.6/spring-tx-6.1.6.jar:/home/d3fix/.m2/repository/org/springframework/spring-oxm/6.1.6/spring-oxm-6.1.6.jar:/home/d3fix/.m2/repository/org/springframework/spring-context-support/6.1.6/spring-context-support-6.1.6.jar:/home/d3fix/.m2/repository/org/slf4j/slf4j-api/2.0.13/slf4j-api-2.0.13.jar:/home/d3fix/.m2/repository/redis/clients/jedis/5.1.3/jedis-5.1.3.jar:/home/d3fix/.m2/repository/org/apache/commons/commons-pool2/2.12.0/commons-pool2-2.12.0.jar:/home/d3fix/.m2/repository/org/json/json/20231013/json-20231013.jar:/home/d3fix/.m2/repository/com/google/code/gson/gson/2.10.1/gson-2.10.1.jar:/home/d3fix/.m2/repository/org/springframework/boot/spring-boot-starter-validation/3.2.5/spring-boot-starter-validation-3.2.5.jar:/home/d3fix/.m2/repository/org/apache/tomcat/embed/tomcat-embed-el/10.1.20/tomcat-embed-el-10.1.20.jar:/home/d3fix/.m2/repository/org/jetbrains/annotations/23.0.0/annotations-23.0.0.jar:/home/d3fix/.m2/repository/org/projectlombok/lombok/1.18.32/lombok-1.18.32.jar:/home/d3fix/.m2/repository/org/hibernate/orm/hibernate-core/6.5.1.Final/hibernate-core-6.5.1.Final.jar:/home/d3fix/.m2/repository/jakarta/persistence/jakarta.persistence-api/3.1.0/jakarta.persistence-api-3.1.0.jar:/home/d3fix/.m2/repository/jakarta/transaction/jakarta.transaction-api/2.0.1/jakarta.transaction-api-2.0.1.jar:/home/d3fix/.m2/repository/org/jboss/logging/jboss-logging/3.5.3.Final/jboss-logging-3.5.3.Final.jar:/home/d3fix/.m2/repository/org/hibernate/common/hibernate-commons-annotations/6.0.6.Final/hibernate-commons-annotations-6.0.6.Final.jar:/home/d3fix/.m2/repository/io/smallrye/jandex/3.1.2/jandex-3.1.2.jar:/home/d3fix/.m2/repository/com/fasterxml/classmate/1.6.0/classmate-1.6.0.jar:/home/d3fix/.m2/repository/net/bytebuddy/byte-buddy/1.14.13/byte-buddy-1.14.13.jar:/home/d3fix/.m2/repository/org/glassfish/jaxb/jaxb-runtime/4.0.5/jaxb-runtime-4.0.5.jar:/home/d3fix/.m2/repository/org/glassfish/jaxb/jaxb-core/4.0.5/jaxb-core-4.0.5.jar:/home/d3fix/.m2/repository/org/eclipse/angus/angus-activation/2.0.2/angus-activation-2.0.2.jar:/home/d3fix/.m2/repository/org/glassfish/jaxb/txw2/4.0.5/txw2-4.0.5.jar:/home/d3fix/.m2/repository/com/sun/istack/istack-commons-runtime/4.1.2/istack-commons-runtime-4.1.2.jar:/home/d3fix/.m2/repository/jakarta/inject/jakarta.inject-api/2.0.1/jakarta.inject-api-2.0.1.jar:/home/d3fix/.m2/repository/org/antlr/antlr4-runtime/4.13.0/antlr4-runtime-4.13.0.jar:/home/d3fix/.m2/repository/org/apache/logging/log4j/log4j-api/2.19.0/log4j-api-2.19.0.jar:/home/d3fix/.m2/repository/org/apache/logging/log4j/log4j-core/2.19.0/log4j-core-2.19.0.jar:/home/d3fix/.m2/repository/org/postgresql/postgresql/42.7.3/postgresql-42.7.3.jar:/home/d3fix/.m2/repository/org/checkerframework/checker-qual/3.42.0/checker-qual-3.42.0.jar:/home/d3fix/.m2/repository/org/springframework/boot/spring-boot-starter-security/3.2.5/spring-boot-starter-security-3.2.5.jar:/home/d3fix/.m2/repository/org/springframework/security/spring-security-config/6.2.4/spring-security-config-6.2.4.jar:/home/d3fix/.m2/repository/org/hibernate/validator/hibernate-validator/8.0.1.Final/hibernate-validator-8.0.1.Final.jar:/home/d3fix/.m2/repository/jakarta/validation/jakarta.validation-api/3.0.2/jakarta.validation-api-3.0.2.jar:/home/d3fix/.m2/repository/org/glassfish/jakarta.el/3.0.3/jakarta.el-3.0.3.jar:/home/d3fix/.m2/repository/org/hibernate/hibernate-entitymanager/5.6.15.Final/hibernate-entitymanager-5.6.15.Final.jar:/home/d3fix/.m2/repository/javax/persistence/javax.persistence-api/2.2/javax.persistence-api-2.2.jar:/home/d3fix/.m2/repository/org/jboss/spec/javax/transaction/jboss-transaction-api_1.2_spec/1.1.1.Final/jboss-transaction-api_1.2_spec-1.1.1.Final.jar:"/>
    <property name="sun.cpu.endian" value="little"/>
    <property name="user.home" value="/home/d3fix"/>
    <property name="user.language" value="ru"/>
    <property name="java.specification.vendor" value="Oracle Corporation"/>
    <property name="java.version.date" value="2024-01-16"/>
    <property name="java.home" value="/usr/lib/jvm/java-21-openjdk-21.0.2.0.13-3.fc40.x86_64"/>
    <property name="file.separator" value="/"/>
    <property name="basedir" value="/home/d3fix/IdeaProjects/pet-project-coffee-delivery"/>
    <property name="java.vm.compressedOopsMode" value="32-bit"/>
    <property name="line.separator" value="&#10;"/>
    <property name="java.vm.specification.vendor" value="Oracle Corporation"/>
    <property name="java.specification.name" value="Java Platform API Specification"/>
    <property name="FILE_LOG_CHARSET" value="UTF-8"/>
    <property name="java.awt.headless" value="true"/>
    <property name="surefire.real.class.path" value="/home/d3fix/IdeaProjects/pet-project-coffee-delivery/target/surefire/surefirebooter-20250416165811746_3.jar"/>
    <property name="sun.management.compiler" value="HotSpot 64-Bit Tiered Compilers"/>
    <property name="java.runtime.version" value="21.0.2+13"/>
    <property name="user.name" value="d3fix"/>
    <property name="stdout.encoding" value="UTF-8"/>
    <property name="path.separator" value=":"/>
    <property name="os.version" value="6.8.5-301.fc40.x86_64"/>
    <property name="java.runtime.name" value="OpenJDK Runtime Environment"/>
    <property name="file.encoding" value="UTF-8"/>
    <property name="java.vm.name" value="OpenJDK 64-Bit Server VM"/>
    <property name="java.vendor.version" value="(Red_Hat-21.0.2.0.13-4)"/>
    <property name="localRepository" value="/home/d3fix/.m2/repository"/>
    <property name="java.vendor.url.bug" value="https://bugzilla.redhat.com/enter_bug.cgi?product=Fedora&amp;component=java-21-openjdk&amp;version=38"/>
    <property name="java.io.tmpdir" value="/tmp"/>
    <property name="com.zaxxer.hikari.pool_number" value="1"/>
    <property name="java.version" value="21.0.2"/>
    <property name="user.dir" value="/home/d3fix/IdeaProjects/pet-project-coffee-delivery"/>
    <property name="os.arch" value="amd64"/>
    <property name="java.vm.specification.name" value="Java Virtual Machine Specification"/>
    <property name="PID" value="26155"/>
    <property name="CONSOLE_LOG_CHARSET" value="UTF-8"/>
    <property name="native.encoding" value="UTF-8"/>
    <property name="java.library.path" value="/usr/java/packages/lib:/usr/lib64:/lib64:/lib:/usr/lib"/>
    <property name="java.vm.info" value="mixed mode, sharing"/>
    <property name="stderr.encoding" value="UTF-8"/>
    <property name="java.vendor" value="Red Hat, Inc."/>
    <property name="java.vm.version" value="21.0.2+13"/>
    <property name="sun.io.unicode.encoding" value="UnicodeLittle"/>
    <property name="java.class.version" value="65.0"/>
    <property name="LOGGED_APPLICATION_NAME" value="[CoffeeDelivery] "/>
  </properties>
  <testcase name="testChangeFilterType" classname="defix.coffeedelivery.test.controller.CatalogControllerTests" time="0.145">
    <system-out><![CDATA[16:58:12.191 [main] INFO org.springframework.test.context.support.AnnotationConfigContextLoaderUtils -- Could not detect default configuration classes for test class [defix.coffeedelivery.test.controller.CatalogControllerTests]: CatalogControllerTests does not declare any static, non-private, non-final, nested classes annotated with @Configuration.
16:58:12.264 [main] INFO org.springframework.boot.test.context.SpringBootTestContextBootstrapper -- Found @SpringBootConfiguration defix.coffeedelivery.PetProjectCoffeeDeliveryApplication for test class defix.coffeedelivery.test.controller.CatalogControllerTests
16:58:12.339 [main] INFO org.springframework.boot.devtools.restart.RestartApplicationListener -- Restart disabled due to context in which it is running

  .   ____          _            __ _ _
 /\\ / ___'_ __ _ _(_)_ __  __ _ \ \ \ \
( ( )\___ | '_ | '_| | '_ \/ _` | \ \ \ \
 \\/  ___)| |_)| | | | | || (_| |  ) ) ) )
  '  |____| .__|_| |_|_| |_\__, | / / / /
 =========|_|==============|___/=/_/_/_/
 :: Spring Boot ::                (v3.2.5)

2025-04-16T16:58:12.507+03:00  WARN 26155 --- [CoffeeDelivery] [           main] ory$DuplicateJsonObjectContextCustomizer : 

Found multiple occurrences of org.json.JSONObject on the class path:

	jar:file:/home/d3fix/.m2/repository/com/vaadin/external/google/android-json/0.0.20131108.vaadin1/android-json-0.0.20131108.vaadin1.jar!/org/json/JSONObject.class
	jar:file:/home/d3fix/.m2/repository/org/json/json/20231013/json-20231013.jar!/org/json/JSONObject.class

You may wish to exclude one of them to ensure predictable runtime behavior

2025-04-16T16:58:12.519+03:00  INFO 26155 --- [CoffeeDelivery] [           main] d.c.t.controller.CatalogControllerTests  : Starting CatalogControllerTests using Java 21.0.2 with PID 26155 (started by d3fix in /home/d3fix/IdeaProjects/pet-project-coffee-delivery)
2025-04-16T16:58:12.521+03:00  INFO 26155 --- [CoffeeDelivery] [           main] d.c.t.controller.CatalogControllerTests  : No active profile set, falling back to 1 default profile: "default"
2025-04-16T16:58:13.061+03:00  INFO 26155 --- [CoffeeDelivery] [           main] .s.d.r.c.RepositoryConfigurationDelegate : Multiple Spring Data modules found, entering strict repository configuration mode
2025-04-16T16:58:13.062+03:00  INFO 26155 --- [CoffeeDelivery] [           main] .s.d.r.c.RepositoryConfigurationDelegate : Bootstrapping Spring Data JPA repositories in DEFAULT mode.
2025-04-16T16:58:13.103+03:00  INFO 26155 --- [CoffeeDelivery] [           main] .s.d.r.c.RepositoryConfigurationDelegate : Finished Spring Data repository scanning in 37 ms. Found 6 JPA repository interfaces.
2025-04-16T16:58:13.113+03:00  INFO 26155 --- [CoffeeDelivery] [           main] .s.d.r.c.RepositoryConfigurationDelegate : Multiple Spring Data modules found, entering strict repository configuration mode
2025-04-16T16:58:13.114+03:00  INFO 26155 --- [CoffeeDelivery] [           main] .s.d.r.c.RepositoryConfigurationDelegate : Bootstrapping Spring Data Redis repositories in DEFAULT mode.
2025-04-16T16:58:13.123+03:00  INFO 26155 --- [CoffeeDelivery] [           main] .RepositoryConfigurationExtensionSupport : Spring Data Redis - Could not safely identify store assignment for repository candidate interface defix.coffeedelivery.common.db.repository.AccountRepository; If you want this repository to be a Redis repository, consider annotating your entities with one of these annotations: org.springframework.data.redis.core.RedisHash (preferred), or consider extending one of the following types with your repository: org.springframework.data.keyvalue.repository.KeyValueRepository
2025-04-16T16:58:13.123+03:00  INFO 26155 --- [CoffeeDelivery] [           main] .RepositoryConfigurationExtensionSupport : Spring Data Redis - Could not safely identify store assignment for repository candidate interface defix.coffeedelivery.common.db.repository.BasketRepository; If you want this repository to be a Redis repository, consider annotating your entities with one of these annotations: org.springframework.data.redis.core.RedisHash (preferred), or consider extending one of the following types with your repository: org.springframework.data.keyvalue.repository.KeyValueRepository
2025-04-16T16:58:13.123+03:00  INFO 26155 --- [CoffeeDelivery] [           main] .RepositoryConfigurationExtensionSupport : Spring Data Redis - Could not safely identify store assignment for repository candidate interface defix.coffeedelivery.common.db.repository.CurrentOrderRepository; If you want this repository to be a Redis repository, consider annotating your entities with one of these annotations: org.springframework.data.redis.core.RedisHash (preferred), or consider extending one of the following types with your repository: org.springframework.data.keyvalue.repository.KeyValueRepository
2025-04-16T16:58:13.123+03:00  INFO 26155 --- [CoffeeDelivery] [           main] .RepositoryConfigurationExtensionSupport : Spring Data Redis - Could not safely identify store assignment for repository candidate interface defix.coffeedelivery.common.db.repository.ProductRepository; If you want this repository to be a Redis repository, consider annotating your entities with one of these annotations: org.springframework.data.redis.core.RedisHash (preferred), or consider extending one of the following types with your repository: org.springframework.data.keyvalue.repository.KeyValueRepository
2025-04-16T16:58:13.124+03:00  INFO 26155 --- [CoffeeDelivery] [           main] .RepositoryConfigurationExtensionSupport : Spring Data Redis - Could not safely identify store assignment for repository candidate interface defix.coffeedelivery.common.db.repository.RoleRepository; If you want this repository to be a Redis repository, consider annotating your entities with one of these annotations: org.springframework.data.redis.core.RedisHash (preferred), or consider extending one of the following types with your repository: org.springframework.data.keyvalue.repository.KeyValueRepository
2025-04-16T16:58:13.124+03:00  INFO 26155 --- [CoffeeDelivery] [           main] .RepositoryConfigurationExtensionSupport : Spring Data Redis - Could not safely identify store assignment for repository candidate interface defix.coffeedelivery.common.db.repository.TimeOrderRepository; If you want this repository to be a Redis repository, consider annotating your entities with one of these annotations: org.springframework.data.redis.core.RedisHash (preferred), or consider extending one of the following types with your repository: org.springframework.data.keyvalue.repository.KeyValueRepository
2025-04-16T16:58:13.124+03:00  INFO 26155 --- [CoffeeDelivery] [           main] .s.d.r.c.RepositoryConfigurationDelegate : Finished Spring Data repository scanning in 5 ms. Found 0 Redis repository interfaces.
2025-04-16T16:58:14.298+03:00  INFO 26155 --- [CoffeeDelivery] [           main] o.hibernate.jpa.internal.util.LogHelper  : HHH000204: Processing PersistenceUnitInfo [name: default]
2025-04-16T16:58:14.352+03:00  INFO 26155 --- [CoffeeDelivery] [           main] org.hibernate.Version                    : HHH000412: Hibernate ORM core version 6.5.1.Final
2025-04-16T16:58:14.393+03:00  INFO 26155 --- [CoffeeDelivery] [           main] o.h.c.internal.RegionFactoryInitiator    : HHH000026: Second-level cache disabled
2025-04-16T16:58:14.470+03:00  INFO 26155 --- [CoffeeDelivery] [           main] o.s.o.j.p.SpringPersistenceUnitInfo      : No LoadTimeWeaver setup: ignoring JPA class transformer
2025-04-16T16:58:14.487+03:00  INFO 26155 --- [CoffeeDelivery] [           main] com.zaxxer.hikari.HikariDataSource       : HikariPool-1 - Starting...
2025-04-16T16:58:14.660+03:00  INFO 26155 --- [CoffeeDelivery] [           main] com.zaxxer.hikari.pool.HikariPool        : HikariPool-1 - Added connection org.postgresql.jdbc.PgConnection@4a5066f5
2025-04-16T16:58:14.662+03:00  INFO 26155 --- [CoffeeDelivery] [           main] com.zaxxer.hikari.HikariDataSource       : HikariPool-1 - Start completed.
2025-04-16T16:58:15.382+03:00  INFO 26155 --- [CoffeeDelivery] [           main] o.h.e.t.j.p.i.JtaPlatformInitiator       : HHH000489: No JTA platform available (set 'hibernate.transaction.jta.platform' to enable JTA platform integration)
2025-04-16T16:58:15.506+03:00  INFO 26155 --- [CoffeeDelivery] [           main] j.LocalContainerEntityManagerFactoryBean : Initialized JPA EntityManagerFactory for persistence unit 'default'
2025-04-16T16:58:15.764+03:00  INFO 26155 --- [CoffeeDelivery] [           main] o.s.d.j.r.query.QueryEnhancerFactory     : Hibernate is in classpath; If applicable, HQL parser will be used.
2025-04-16T16:58:16.371+03:00  WARN 26155 --- [CoffeeDelivery] [           main] JpaBaseConfiguration$JpaWebConfiguration : spring.jpa.open-in-view is enabled by default. Therefore, database queries may be performed during view rendering. Explicitly configure spring.jpa.open-in-view to disable this warning
2025-04-16T16:58:16.653+03:00  INFO 26155 --- [CoffeeDelivery] [           main] o.s.s.web.DefaultSecurityFilterChain     : Will secure any request with [org.springframework.security.web.session.DisableEncodeUrlFilter@219aab91, org.springframework.security.web.context.request.async.WebAsyncManagerIntegrationFilter@71737478, org.springframework.security.web.context.SecurityContextHolderFilter@77f43f3e, org.springframework.security.web.header.HeaderWriterFilter@223c42b0, org.springframework.web.filter.CorsFilter@64001530, org.springframework.security.web.authentication.logout.LogoutFilter@2f229f60, org.springframework.security.web.authentication.UsernamePasswordAuthenticationFilter@5a69f1ef, org.springframework.security.web.savedrequest.RequestCacheAwareFilter@2b35976a, org.springframework.security.web.servletapi.SecurityContextHolderAwareRequestFilter@67c64b9c, org.springframework.security.web.authentication.AnonymousAuthenticationFilter@1f9b8c23, org.springframework.security.web.access.ExceptionTranslationFilter@2102eb7a, org.springframework.security.web.access.intercept.AuthorizationFilter@15a8b228]
2025-04-16T16:58:17.104+03:00  INFO 26155 --- [CoffeeDelivery] [           main] o.s.b.t.m.w.SpringBootMockServletContext : Initializing Spring TestDispatcherServlet ''
2025-04-16T16:58:17.105+03:00  INFO 26155 --- [CoffeeDelivery] [           main] o.s.t.web.servlet.TestDispatcherServlet  : Initializing Servlet ''
2025-04-16T16:58:17.107+03:00  INFO 26155 --- [CoffeeDelivery] [           main] o.s.t.web.servlet.TestDispatcherServlet  : Completed initialization in 2 ms
2025-04-16T16:58:17.140+03:00  INFO 26155 --- [CoffeeDelivery] [           main] d.c.t.controller.CatalogControllerTests  : Started CatalogControllerTests in 4.806 seconds (process running for 5.354)
2025-04-16T16:58:17.211+03:00 DEBUG 26155 --- [CoffeeDelivery] [           main] w.c.HttpSessionSecurityContextRepository : Created HttpSession as SecurityContext is non-default
2025-04-16T16:58:17.212+03:00 DEBUG 26155 --- [CoffeeDelivery] [           main] w.c.HttpSessionSecurityContextRepository : Stored SecurityContextImpl [Authentication=UsernamePasswordAuthenticationToken [Principal=org.springframework.security.core.userdetails.User [Username=user, Password=[PROTECTED], Enabled=true, AccountNonExpired=true, CredentialsNonExpired=true, AccountNonLocked=true, Granted Authorities=[ROLE_USER]], Credentials=[PROTECTED], Authenticated=true, Details=null, Granted Authorities=[ROLE_USER]]] to HttpSession [org.springframework.mock.web.MockHttpSession@1531fbc8]
2025-04-16T16:58:17.223+03:00 DEBUG 26155 --- [CoffeeDelivery] [           main] o.s.security.web.FilterChainProxy        : Securing POST /catalog/change_filter_type
2025-04-16T16:58:17.230+03:00 DEBUG 26155 --- [CoffeeDelivery] [           main] w.c.HttpSessionSecurityContextRepository : Retrieved SecurityContextImpl [Authentication=UsernamePasswordAuthenticationToken [Principal=org.springframework.security.core.userdetails.User [Username=user, Password=[PROTECTED], Enabled=true, AccountNonExpired=true, CredentialsNonExpired=true, AccountNonLocked=true, Granted Authorities=[ROLE_USER]], Credentials=[PROTECTED], Authenticated=true, Details=null, Granted Authorities=[ROLE_USER]]]
2025-04-16T16:58:17.230+03:00 DEBUG 26155 --- [CoffeeDelivery] [           main] o.s.security.web.FilterChainProxy        : Secured POST /catalog/change_filter_type
]]></system-out>
    <system-err><![CDATA[WARNING: A Java agent has been loaded dynamically (/home/d3fix/.m2/repository/net/bytebuddy/byte-buddy-agent/1.14.13/byte-buddy-agent-1.14.13.jar)
WARNING: If a serviceability tool is in use, please run with -XX:+EnableDynamicAgentLoading to hide this warning
WARNING: If a serviceability tool is not in use, please run with -Djdk.instrument.traceUsage for more information
WARNING: Dynamic loading of agents will be disallowed by default in a future release
]]></system-err>
  </testcase>
  <testcase name="testChangeFilterMinPrice" classname="defix.coffeedelivery.test.controller.CatalogControllerTests" time="0.012">
    <system-out><![CDATA[2025-04-16T16:58:17.317+03:00 DEBUG 26155 --- [CoffeeDelivery] [           main] w.c.HttpSessionSecurityContextRepository : Created HttpSession as SecurityContext is non-default
2025-04-16T16:58:17.317+03:00 DEBUG 26155 --- [CoffeeDelivery] [           main] w.c.HttpSessionSecurityContextRepository : Stored SecurityContextImpl [Authentication=UsernamePasswordAuthenticationToken [Principal=org.springframework.security.core.userdetails.User [Username=user, Password=[PROTECTED], Enabled=true, AccountNonExpired=true, CredentialsNonExpired=true, AccountNonLocked=true, Granted Authorities=[ROLE_USER]], Credentials=[PROTECTED], Authenticated=true, Details=null, Granted Authorities=[ROLE_USER]]] to HttpSession [org.springframework.mock.web.MockHttpSession@735c0454]
2025-04-16T16:58:17.318+03:00 DEBUG 26155 --- [CoffeeDelivery] [           main] o.s.security.web.FilterChainProxy        : Securing POST /catalog/change_filter_minPrice
2025-04-16T16:58:17.318+03:00 DEBUG 26155 --- [CoffeeDelivery] [           main] w.c.HttpSessionSecurityContextRepository : Retrieved SecurityContextImpl [Authentication=UsernamePasswordAuthenticationToken [Principal=org.springframework.security.core.userdetails.User [Username=user, Password=[PROTECTED], Enabled=true, AccountNonExpired=true, CredentialsNonExpired=true, AccountNonLocked=true, Granted Authorities=[ROLE_USER]], Credentials=[PROTECTED], Authenticated=true, Details=null, Granted Authorities=[ROLE_USER]]]
2025-04-16T16:58:17.318+03:00 DEBUG 26155 --- [CoffeeDelivery] [           main] o.s.security.web.FilterChainProxy        : Secured POST /catalog/change_filter_minPrice
]]></system-out>
  </testcase>
  <testcase name="testChangeFilterMaxPrice" classname="defix.coffeedelivery.test.controller.CatalogControllerTests" time="0.011">
    <system-out><![CDATA[2025-04-16T16:58:17.330+03:00 DEBUG 26155 --- [CoffeeDelivery] [           main] w.c.HttpSessionSecurityContextRepository : Created HttpSession as SecurityContext is non-default
2025-04-16T16:58:17.330+03:00 DEBUG 26155 --- [CoffeeDelivery] [           main] w.c.HttpSessionSecurityContextRepository : Stored SecurityContextImpl [Authentication=UsernamePasswordAuthenticationToken [Principal=org.springframework.security.core.userdetails.User [Username=user, Password=[PROTECTED], Enabled=true, AccountNonExpired=true, CredentialsNonExpired=true, AccountNonLocked=true, Granted Authorities=[ROLE_USER]], Credentials=[PROTECTED], Authenticated=true, Details=null, Granted Authorities=[ROLE_USER]]] to HttpSession [org.springframework.mock.web.MockHttpSession@7269674d]
2025-04-16T16:58:17.331+03:00 DEBUG 26155 --- [CoffeeDelivery] [           main] o.s.security.web.FilterChainProxy        : Securing POST /catalog/change_filter_maxPrice
2025-04-16T16:58:17.331+03:00 DEBUG 26155 --- [CoffeeDelivery] [           main] w.c.HttpSessionSecurityContextRepository : Retrieved SecurityContextImpl [Authentication=UsernamePasswordAuthenticationToken [Principal=org.springframework.security.core.userdetails.User [Username=user, Password=[PROTECTED], Enabled=true, AccountNonExpired=true, CredentialsNonExpired=true, AccountNonLocked=true, Granted Authorities=[ROLE_USER]], Credentials=[PROTECTED], Authenticated=true, Details=null, Granted Authorities=[ROLE_USER]]]
2025-04-16T16:58:17.331+03:00 DEBUG 26155 --- [CoffeeDelivery] [           main] o.s.security.web.FilterChainProxy        : Secured POST /catalog/change_filter_maxPrice
]]></system-out>
  </testcase>
  <testcase name="testAddToBasket" classname="defix.coffeedelivery.test.controller.CatalogControllerTests" time="0.011">
    <system-out><![CDATA[2025-04-16T16:58:17.343+03:00 DEBUG 26155 --- [CoffeeDelivery] [           main] w.c.HttpSessionSecurityContextRepository : Created HttpSession as SecurityContext is non-default
2025-04-16T16:58:17.343+03:00 DEBUG 26155 --- [CoffeeDelivery] [           main] w.c.HttpSessionSecurityContextRepository : Stored SecurityContextImpl [Authentication=UsernamePasswordAuthenticationToken [Principal=org.springframework.security.core.userdetails.User [Username=user, Password=[PROTECTED], Enabled=true, AccountNonExpired=true, CredentialsNonExpired=true, AccountNonLocked=true, Granted Authorities=[ROLE_USER]], Credentials=[PROTECTED], Authenticated=true, Details=null, Granted Authorities=[ROLE_USER]]] to HttpSession [org.springframework.mock.web.MockHttpSession@450555ac]
2025-04-16T16:58:17.344+03:00 DEBUG 26155 --- [CoffeeDelivery] [           main] o.s.security.web.FilterChainProxy        : Securing POST /catalog/add_to_basket
2025-04-16T16:58:17.344+03:00 DEBUG 26155 --- [CoffeeDelivery] [           main] w.c.HttpSessionSecurityContextRepository : Retrieved SecurityContextImpl [Authentication=UsernamePasswordAuthenticationToken [Principal=org.springframework.security.core.userdetails.User [Username=user, Password=[PROTECTED], Enabled=true, AccountNonExpired=true, CredentialsNonExpired=true, AccountNonLocked=true, Granted Authorities=[ROLE_USER]], Credentials=[PROTECTED], Authenticated=true, Details=null, Granted Authorities=[ROLE_USER]]]
2025-04-16T16:58:17.344+03:00 DEBUG 26155 --- [CoffeeDelivery] [           main] o.s.security.web.FilterChainProxy        : Secured POST /catalog/add_to_basket
]]></system-out>
  </testcase>
</testsuite>